-----12-31-2016 @ 07:21:29 ------
schedule_cleanup_temp_users
-----12-31-2016 @ 14:50:14 ------
schedule_cleanup_temp_users
-----12-31-2016 @ 16:57:02 ------
schedule_cleanup_temp_users
-----12-31-2016 @ 17:22:44 ------
schedule_cleanup_temp_users
-----12-31-2016 @ 19:30:02 ------
schedule_cleanup_temp_users
-----12-31-2016 @ 21:21:53 ------
schedule_cleanup_temp_users
-----01-01-2017 @ 01:21:27 ------
schedule_cleanup_temp_users
-----01-01-2017 @ 01:22:28 ------
schedule_cleanup_temp_users
-----01-01-2017 @ 08:25:33 ------
schedule_cleanup_temp_users
-----01-01-2017 @ 16:09:05 ------
schedule_cleanup_temp_users
-----01-01-2017 @ 19:58:51 ------
schedule_cleanup_temp_users
-----01-01-2017 @ 22:55:34 ------
schedule_cleanup_temp_users
-----01-01-2017 @ 23:21:49 ------
schedule_cleanup_temp_users
-----01-02-2017 @ 01:22:21 ------
schedule_cleanup_temp_users
-----01-02-2017 @ 03:22:16 ------
schedule_cleanup_temp_users
-----01-02-2017 @ 05:22:57 ------
schedule_cleanup_temp_users
-----01-02-2017 @ 13:54:33 ------
schedule_cleanup_temp_users
-----01-02-2017 @ 22:36:54 ------
schedule_cleanup_temp_users
-----01-02-2017 @ 23:25:14 ------
schedule_cleanup_temp_users
-----01-03-2017 @ 02:37:21 ------
schedule_cleanup_temp_users
-----01-03-2017 @ 03:21:42 ------
schedule_cleanup_temp_users
-----01-03-2017 @ 05:22:37 ------
schedule_cleanup_temp_users
-----01-03-2017 @ 07:23:03 ------
schedule_cleanup_temp_users
-----01-03-2017 @ 13:59:51 ------
schedule_cleanup_temp_users
-----01-04-2017 @ 03:28:57 ------
schedule_cleanup_temp_users
-----01-04-2017 @ 16:42:41 ------
schedule_cleanup_temp_users
-----01-04-2017 @ 17:23:00 ------
schedule_cleanup_temp_users
-----01-04-2017 @ 20:13:02 ------
schedule_cleanup_temp_users
-----01-04-2017 @ 21:21:49 ------
schedule_cleanup_temp_users
-----01-04-2017 @ 23:21:48 ------
schedule_cleanup_temp_users
-----01-05-2017 @ 01:23:06 ------
schedule_cleanup_temp_users
-----01-05-2017 @ 04:03:08 ------
schedule_cleanup_temp_users
-----01-05-2017 @ 05:57:45 ------
schedule_cleanup_temp_users
-----01-05-2017 @ 14:00:08 ------
schedule_cleanup_temp_users
-----01-06-2017 @ 04:39:25 ------
schedule_cleanup_temp_users
-----01-06-2017 @ 05:21:38 ------
schedule_cleanup_temp_users
-----01-06-2017 @ 14:21:37 ------
schedule_cleanup_temp_users
-----01-07-2017 @ 04:01:50 ------
schedule_cleanup_temp_users
-----01-07-2017 @ 20:34:30 ------
schedule_cleanup_temp_users
-----01-12-2017 @ 04:31:14 ------
schedule_cleanup_temp_users
-----01-12-2017 @ 05:22:11 ------
schedule_cleanup_temp_users
-----01-12-2017 @ 17:33:57 ------
schedule_cleanup_temp_users
-----01-13-2017 @ 12:06:36 ------
schedule_cleanup_temp_users
-----01-13-2017 @ 18:34:59 ------
schedule_cleanup_temp_users
-----01-13-2017 @ 19:28:30 ------
schedule_cleanup_temp_users
-----01-13-2017 @ 21:23:34 ------
schedule_cleanup_temp_users
-----01-13-2017 @ 23:48:10 ------
schedule_cleanup_temp_users
-----01-14-2017 @ 01:23:24 ------
schedule_cleanup_temp_users
-----01-14-2017 @ 03:21:58 ------
schedule_cleanup_temp_users
-----01-14-2017 @ 06:46:54 ------
schedule_cleanup_temp_users
-----01-14-2017 @ 07:21:59 ------
schedule_cleanup_temp_users
-----01-14-2017 @ 17:04:37 ------
schedule_cleanup_temp_users
-----01-14-2017 @ 17:22:09 ------
schedule_cleanup_temp_users
-----01-14-2017 @ 19:24:52 ------
schedule_cleanup_temp_users
-----01-14-2017 @ 21:22:47 ------
schedule_cleanup_temp_users
-----01-14-2017 @ 23:22:50 ------
schedule_cleanup_temp_users
-----01-15-2017 @ 01:21:30 ------
schedule_cleanup_temp_users
-----01-15-2017 @ 03:21:41 ------
schedule_cleanup_temp_users
-----01-15-2017 @ 05:38:35 ------
schedule_cleanup_temp_users
-----01-15-2017 @ 14:45:55 ------
schedule_cleanup_temp_users
-----01-15-2017 @ 17:01:35 ------
schedule_cleanup_temp_users
-----01-15-2017 @ 21:59:30 ------
schedule_cleanup_temp_users
-----01-16-2017 @ 01:23:14 ------
schedule_cleanup_temp_users
-----01-16-2017 @ 14:24:12 ------
schedule_cleanup_temp_users
-----01-16-2017 @ 18:28:06 ------
schedule_cleanup_temp_users
-----01-16-2017 @ 20:03:10 ------
schedule_cleanup_temp_users
-----01-16-2017 @ 22:25:57 ------
schedule_cleanup_temp_users
-----01-16-2017 @ 23:32:58 ------
schedule_cleanup_temp_users
-----01-17-2017 @ 03:07:21 ------
schedule_cleanup_temp_users
-----01-17-2017 @ 04:07:43 ------
schedule_cleanup_temp_users
-----01-17-2017 @ 05:33:45 ------
schedule_cleanup_temp_users
-----01-17-2017 @ 14:55:27 ------
schedule_cleanup_temp_users
-----01-17-2017 @ 15:25:29 ------
schedule_cleanup_temp_users
-----01-17-2017 @ 17:24:14 ------
schedule_cleanup_temp_users
-----01-17-2017 @ 19:22:31 ------
schedule_cleanup_temp_users
-----01-17-2017 @ 21:23:01 ------
schedule_cleanup_temp_users
-----01-17-2017 @ 23:24:10 ------
schedule_cleanup_temp_users
-----01-18-2017 @ 01:21:56 ------
schedule_cleanup_temp_users
-----01-18-2017 @ 03:23:03 ------
schedule_cleanup_temp_users
-----01-26-2017 @ 16:17:38 ------
schedule_cleanup_temp_users
-----01-26-2017 @ 19:19:04 ------
schedule_cleanup_temp_users
-----01-31-2017 @ 20:36:13 ------
schedule_cleanup_temp_users
-----02-01-2017 @ 14:00:01 ------
schedule_cleanup_temp_users
-----02-01-2017 @ 15:41:34 ------
schedule_cleanup_temp_users
-----02-02-2017 @ 01:11:52 ------
schedule_cleanup_temp_users
-----02-02-2017 @ 01:59:53 ------
schedule_cleanup_temp_users
-----02-02-2017 @ 03:23:18 ------
schedule_cleanup_temp_users
-----02-02-2017 @ 05:47:33 ------
schedule_cleanup_temp_users
-----02-02-2017 @ 19:38:57 ------
schedule_cleanup_temp_users
-----02-02-2017 @ 21:23:32 ------
schedule_cleanup_temp_users
-----02-03-2017 @ 02:27:06 ------
schedule_cleanup_temp_users
-----02-03-2017 @ 03:22:56 ------
schedule_cleanup_temp_users
-----02-03-2017 @ 15:00:27 ------
schedule_cleanup_temp_users
-----02-03-2017 @ 16:12:45 ------
schedule_cleanup_temp_users
-----02-04-2017 @ 19:51:07 ------
schedule_cleanup_temp_users
-----02-04-2017 @ 21:21:40 ------
schedule_cleanup_temp_users
-----02-04-2017 @ 23:53:17 ------
schedule_cleanup_temp_users
-----02-05-2017 @ 01:43:45 ------
schedule_cleanup_temp_users
-----02-05-2017 @ 03:22:27 ------
schedule_cleanup_temp_users
-----02-05-2017 @ 05:23:11 ------
schedule_cleanup_temp_users
-----02-05-2017 @ 07:23:20 ------
schedule_cleanup_temp_users
-----02-05-2017 @ 17:12:20 ------
schedule_cleanup_temp_users
-----02-05-2017 @ 17:22:30 ------
schedule_cleanup_temp_users
-----02-05-2017 @ 19:21:56 ------
schedule_cleanup_temp_users
-----02-05-2017 @ 21:21:46 ------
schedule_cleanup_temp_users
-----02-05-2017 @ 23:22:03 ------
schedule_cleanup_temp_users
-----02-06-2017 @ 01:24:26 ------
schedule_cleanup_temp_users
-----02-06-2017 @ 03:23:17 ------
schedule_cleanup_temp_users
-----02-06-2017 @ 05:22:40 ------
schedule_cleanup_temp_users
-----02-06-2017 @ 13:41:49 ------
schedule_cleanup_temp_users
-----02-08-2017 @ 19:30:15 ------
schedule_cleanup_temp_users
-----02-16-2017 @ 22:05:36 ------
schedule_cleanup_temp_users
-----02-17-2017 @ 14:30:52 ------
schedule_cleanup_temp_users
-----02-17-2017 @ 15:21:32 ------
schedule_cleanup_temp_users
-----02-17-2017 @ 17:22:10 ------
schedule_cleanup_temp_users
-----02-17-2017 @ 19:21:57 ------
schedule_cleanup_temp_users
-----02-17-2017 @ 20:16:40 ------
404: File /Applications/MAMP/htdocs/wordpress/wp-content/plugins/learnpress/inc/class-lp-page-controller.php, line #308
-----02-17-2017 @ 21:21:31 ------
schedule_cleanup_temp_users
-----02-17-2017 @ 23:22:29 ------
schedule_cleanup_temp_users
-----02-18-2017 @ 01:22:05 ------
schedule_cleanup_temp_users
-----02-18-2017 @ 03:21:34 ------
schedule_cleanup_temp_users
-----02-18-2017 @ 15:27:23 ------
schedule_cleanup_temp_users
-----02-18-2017 @ 20:48:22 ------
schedule_cleanup_temp_users
-----02-23-2017 @ 06:35:00 ------
schedule_cleanup_temp_users
-----02-23-2017 @ 15:08:10 ------
schedule_cleanup_temp_users
-----02-23-2017 @ 21:10:51 ------
schedule_cleanup_temp_users
-----02-23-2017 @ 21:21:32 ------
schedule_cleanup_temp_users
-----02-23-2017 @ 23:55:01 ------
schedule_cleanup_temp_users
-----02-24-2017 @ 06:55:26 ------
schedule_cleanup_temp_users
-----03-08-2017 @ 14:18:21 ------
schedule_cleanup_temp_users
-----03-09-2017 @ 14:27:48 ------
schedule_cleanup_temp_users
-----03-09-2017 @ 15:49:48 ------
schedule_cleanup_temp_users
-----03-09-2017 @ 23:20:34 ------
schedule_cleanup_temp_users
-----03-09-2017 @ 23:21:40 ------
schedule_cleanup_temp_users
-----03-10-2017 @ 01:22:49 ------
schedule_cleanup_temp_users
-----03-10-2017 @ 03:22:08 ------
schedule_cleanup_temp_users
-----03-10-2017 @ 05:51:36 ------
schedule_cleanup_temp_users
-----03-10-2017 @ 18:21:14 ------
schedule_cleanup_temp_users
-----03-10-2017 @ 19:23:17 ------
schedule_cleanup_temp_users
-----03-10-2017 @ 22:06:06 ------
schedule_cleanup_temp_users
-----03-10-2017 @ 23:23:07 ------
schedule_cleanup_temp_users
-----03-11-2017 @ 01:53:55 ------
schedule_cleanup_temp_users
-----03-17-2017 @ 01:31:49 ------
schedule_cleanup_temp_users
-----04-10-2017 @ 20:11:08 ------
schedule_cleanup_temp_users
-----04-10-2017 @ 21:22:06 ------
schedule_cleanup_temp_users
-----04-10-2017 @ 23:21:32 ------
schedule_cleanup_temp_users
-----04-11-2017 @ 01:21:55 ------
schedule_cleanup_temp_users
-----04-11-2017 @ 03:21:44 ------
schedule_cleanup_temp_users
-----04-11-2017 @ 05:22:52 ------
schedule_cleanup_temp_users
-----04-11-2017 @ 14:19:02 ------
schedule_cleanup_temp_users
-----04-11-2017 @ 15:21:49 ------
schedule_cleanup_temp_users
-----04-11-2017 @ 20:50:57 ------
schedule_cleanup_temp_users
-----04-11-2017 @ 22:14:42 ------
schedule_cleanup_temp_users
-----04-14-2017 @ 00:34:29 ------
schedule_cleanup_temp_users
-----04-14-2017 @ 01:22:46 ------
schedule_cleanup_temp_users
-----04-14-2017 @ 03:21:58 ------
schedule_cleanup_temp_users
-----04-14-2017 @ 17:09:00 ------
schedule_cleanup_temp_users
-----04-14-2017 @ 17:44:32 ------
schedule_cleanup_temp_users
-----04-14-2017 @ 21:55:54 ------
schedule_cleanup_temp_users
-----04-14-2017 @ 23:21:59 ------
schedule_cleanup_temp_users
-----04-15-2017 @ 03:52:26 ------
schedule_cleanup_temp_users
-----04-15-2017 @ 05:21:31 ------
schedule_cleanup_temp_users
-----04-15-2017 @ 05:37:00 ------
create_table
-----04-15-2017 @ 05:37:00 ------
create_table
-----04-15-2017 @ 05:37:02 ------
schedule_update_user_items
-----04-15-2017 @ 05:37:08 ------
schedule_update_user_items
-----04-15-2017 @ 05:47:12 ------
schedule_update_user_items
-----04-15-2017 @ 05:57:05 ------
schedule_update_user_items
-----04-15-2017 @ 13:44:27 ------
schedule_update_user_items
-----04-15-2017 @ 13:44:44 ------
schedule_cleanup_temp_users
-----04-15-2017 @ 13:47:26 ------
schedule_update_user_items
-----04-15-2017 @ 13:58:27 ------
schedule_update_user_items
-----04-15-2017 @ 14:09:01 ------
schedule_update_user_items
-----04-15-2017 @ 14:17:04 ------
schedule_update_user_items
-----04-15-2017 @ 14:27:06 ------
schedule_update_user_items
-----04-15-2017 @ 14:37:10 ------
schedule_update_user_items
-----04-15-2017 @ 14:47:30 ------
schedule_update_user_items
-----04-15-2017 @ 14:57:32 ------
schedule_update_user_items
-----04-15-2017 @ 15:07:52 ------
schedule_update_user_items
-----04-15-2017 @ 15:19:05 ------
schedule_update_user_items
-----04-15-2017 @ 15:23:04 ------
schedule_cleanup_temp_users
-----04-15-2017 @ 15:27:05 ------
schedule_update_user_items
-----04-15-2017 @ 15:37:08 ------
schedule_update_user_items
-----04-15-2017 @ 15:47:41 ------
schedule_update_user_items
-----04-15-2017 @ 15:57:17 ------
schedule_update_user_items
-----04-15-2017 @ 16:07:15 ------
schedule_update_user_items
-----04-15-2017 @ 16:18:08 ------
schedule_update_user_items
-----04-15-2017 @ 16:53:02 ------
schedule_update_user_items
-----04-15-2017 @ 16:58:02 ------
schedule_update_user_items
-----04-15-2017 @ 17:08:03 ------
schedule_update_user_items
-----04-15-2017 @ 19:14:17 ------
schedule_update_user_items
-----04-15-2017 @ 19:14:17 ------
schedule_cleanup_temp_users
-----04-15-2017 @ 19:17:16 ------
schedule_update_user_items
-----04-15-2017 @ 19:22:18 ------
schedule_cleanup_temp_users
-----04-15-2017 @ 19:29:57 ------
schedule_update_user_items
-----04-15-2017 @ 19:38:32 ------
schedule_update_user_items
-----04-15-2017 @ 19:48:39 ------
schedule_update_user_items
-----04-15-2017 @ 19:58:17 ------
schedule_update_user_items
-----04-15-2017 @ 20:11:02 ------
schedule_update_user_items
-----04-15-2017 @ 20:17:20 ------
schedule_update_user_items
-----04-15-2017 @ 20:28:21 ------
schedule_update_user_items
-----04-15-2017 @ 20:38:09 ------
schedule_update_user_items
-----04-15-2017 @ 20:48:46 ------
schedule_update_user_items
-----04-15-2017 @ 20:58:54 ------
schedule_update_user_items
-----04-15-2017 @ 21:07:08 ------
schedule_update_user_items
-----04-15-2017 @ 21:17:09 ------
schedule_update_user_items
-----04-15-2017 @ 21:22:31 ------
schedule_cleanup_temp_users
-----04-15-2017 @ 21:27:14 ------
schedule_update_user_items
-----04-15-2017 @ 21:37:18 ------
schedule_update_user_items
-----04-15-2017 @ 21:47:21 ------
schedule_update_user_items
-----04-15-2017 @ 21:58:47 ------
schedule_update_user_items
-----04-15-2017 @ 22:07:23 ------
schedule_update_user_items
-----04-15-2017 @ 22:17:26 ------
schedule_update_user_items
-----04-15-2017 @ 22:27:08 ------
schedule_update_user_items
-----04-15-2017 @ 22:37:31 ------
schedule_update_user_items
-----04-15-2017 @ 22:47:33 ------
schedule_update_user_items
-----04-15-2017 @ 22:58:06 ------
schedule_update_user_items
-----04-15-2017 @ 23:07:28 ------
schedule_update_user_items
-----04-20-2017 @ 16:07:47 ------
schedule_update_user_items
-----04-20-2017 @ 16:07:47 ------
schedule_cleanup_temp_users
-----04-20-2017 @ 16:29:45 ------
schedule_update_user_items
-----04-20-2017 @ 16:37:14 ------
schedule_update_user_items
-----04-20-2017 @ 16:47:10 ------
schedule_update_user_items
-----04-20-2017 @ 16:57:14 ------
schedule_update_user_items
-----04-20-2017 @ 17:07:40 ------
schedule_update_user_items
-----04-20-2017 @ 17:16:49 ------
create_table
-----04-20-2017 @ 17:17:10 ------
schedule_update_user_items
-----04-20-2017 @ 17:21:58 ------
schedule_cleanup_temp_users
-----04-20-2017 @ 17:27:53 ------
schedule_update_user_items
-----04-20-2017 @ 17:37:13 ------
schedule_update_user_items
-----04-20-2017 @ 17:48:18 ------
schedule_update_user_items
-----04-20-2017 @ 17:57:06 ------
schedule_update_user_items
-----04-20-2017 @ 18:07:29 ------
schedule_update_user_items
-----04-20-2017 @ 18:17:26 ------
schedule_update_user_items
-----04-20-2017 @ 18:27:12 ------
schedule_update_user_items
-----04-20-2017 @ 18:37:03 ------
schedule_update_user_items
-----04-20-2017 @ 18:51:04 ------
schedule_update_user_items
-----04-20-2017 @ 18:57:08 ------
schedule_update_user_items
-----04-20-2017 @ 19:08:20 ------
schedule_update_user_items
-----04-20-2017 @ 19:32:34 ------
schedule_update_user_items
-----04-20-2017 @ 19:32:47 ------
schedule_cleanup_temp_users
-----04-20-2017 @ 19:37:03 ------
schedule_update_user_items
-----04-20-2017 @ 19:57:42 ------
schedule_update_user_items
-----04-20-2017 @ 20:07:31 ------
schedule_update_user_items
-----04-20-2017 @ 20:17:41 ------
schedule_update_user_items
-----04-20-2017 @ 20:27:30 ------
schedule_update_user_items
-----04-20-2017 @ 20:37:04 ------
schedule_update_user_items
-----04-20-2017 @ 20:47:05 ------
schedule_update_user_items
-----04-20-2017 @ 21:46:30 ------
schedule_update_user_items
-----04-20-2017 @ 21:46:30 ------
schedule_cleanup_temp_users
-----04-20-2017 @ 21:47:08 ------
schedule_update_user_items
-----04-20-2017 @ 21:58:21 ------
schedule_update_user_items
-----04-20-2017 @ 22:08:26 ------
schedule_update_user_items
-----04-20-2017 @ 22:17:04 ------
schedule_update_user_items
-----04-20-2017 @ 22:27:19 ------
schedule_update_user_items
-----04-20-2017 @ 22:37:45 ------
schedule_update_user_items
-----04-20-2017 @ 22:48:07 ------
schedule_update_user_items
-----04-20-2017 @ 22:58:17 ------
schedule_update_user_items
-----04-20-2017 @ 23:08:35 ------
schedule_update_user_items
-----04-20-2017 @ 23:18:53 ------
schedule_update_user_items
-----04-20-2017 @ 23:23:02 ------
schedule_cleanup_temp_users
-----04-20-2017 @ 23:27:10 ------
schedule_update_user_items
-----04-20-2017 @ 23:37:25 ------
schedule_update_user_items
-----04-20-2017 @ 23:47:47 ------
schedule_update_user_items
-----04-20-2017 @ 23:58:05 ------
schedule_update_user_items
-----04-21-2017 @ 00:08:31 ------
schedule_update_user_items
-----04-21-2017 @ 00:21:02 ------
schedule_update_user_items
-----04-21-2017 @ 00:27:09 ------
schedule_update_user_items
-----04-21-2017 @ 00:37:25 ------
schedule_update_user_items
-----04-21-2017 @ 00:47:41 ------
schedule_update_user_items
-----04-21-2017 @ 00:57:58 ------
schedule_update_user_items
-----04-21-2017 @ 01:08:12 ------
schedule_update_user_items
-----04-21-2017 @ 01:18:25 ------
schedule_update_user_items
-----04-21-2017 @ 01:22:31 ------
schedule_cleanup_temp_users
-----04-21-2017 @ 01:28:40 ------
schedule_update_user_items
-----04-21-2017 @ 01:39:09 ------
schedule_update_user_items
-----04-21-2017 @ 01:47:16 ------
schedule_update_user_items
-----04-21-2017 @ 01:57:44 ------
schedule_update_user_items
-----04-21-2017 @ 02:08:14 ------
schedule_update_user_items
-----04-21-2017 @ 02:18:34 ------
schedule_update_user_items
-----04-21-2017 @ 02:28:51 ------
schedule_update_user_items
-----04-21-2017 @ 02:37:04 ------
schedule_update_user_items
-----04-21-2017 @ 02:47:21 ------
schedule_update_user_items
-----04-21-2017 @ 02:57:45 ------
schedule_update_user_items
-----04-21-2017 @ 03:08:02 ------
schedule_update_user_items
-----04-21-2017 @ 03:18:15 ------
schedule_update_user_items
-----04-21-2017 @ 03:22:19 ------
schedule_cleanup_temp_users
-----04-21-2017 @ 03:28:38 ------
schedule_update_user_items
-----04-21-2017 @ 03:39:07 ------
schedule_update_user_items
-----04-21-2017 @ 03:47:11 ------
schedule_update_user_items
-----04-21-2017 @ 03:57:36 ------
schedule_update_user_items
-----04-21-2017 @ 04:08:00 ------
schedule_update_user_items
-----04-21-2017 @ 04:18:09 ------
schedule_update_user_items
-----04-21-2017 @ 04:28:24 ------
schedule_update_user_items
-----04-21-2017 @ 04:38:42 ------
schedule_update_user_items
-----04-21-2017 @ 04:49:03 ------
schedule_update_user_items
-----04-21-2017 @ 04:57:16 ------
schedule_update_user_items
-----04-21-2017 @ 05:07:39 ------
schedule_update_user_items
-----04-21-2017 @ 05:18:09 ------
schedule_update_user_items
-----04-21-2017 @ 05:22:15 ------
schedule_cleanup_temp_users
-----04-21-2017 @ 20:37:03 ------
schedule_update_user_items
-----04-21-2017 @ 20:37:04 ------
schedule_cleanup_temp_users
-----04-21-2017 @ 20:47:07 ------
schedule_update_user_items
-----04-21-2017 @ 20:57:16 ------
schedule_update_user_items
-----04-21-2017 @ 21:07:20 ------
schedule_update_user_items
-----04-21-2017 @ 21:17:25 ------
schedule_update_user_items
-----04-21-2017 @ 21:23:28 ------
schedule_cleanup_temp_users
-----04-21-2017 @ 21:27:30 ------
schedule_update_user_items
-----04-21-2017 @ 21:37:34 ------
schedule_update_user_items
-----04-21-2017 @ 21:47:39 ------
schedule_update_user_items
-----04-21-2017 @ 21:57:44 ------
schedule_update_user_items
-----04-21-2017 @ 22:07:50 ------
schedule_update_user_items
-----04-21-2017 @ 22:17:58 ------
schedule_update_user_items
-----04-21-2017 @ 22:28:02 ------
schedule_update_user_items
-----04-21-2017 @ 22:38:08 ------
schedule_update_user_items
-----04-21-2017 @ 22:48:12 ------
schedule_update_user_items
-----04-21-2017 @ 22:57:05 ------
schedule_update_user_items
-----04-21-2017 @ 23:07:10 ------
schedule_update_user_items
-----04-21-2017 @ 23:17:04 ------
schedule_update_user_items
-----04-21-2017 @ 23:21:32 ------
schedule_cleanup_temp_users
-----04-21-2017 @ 23:27:45 ------
schedule_update_user_items
-----04-21-2017 @ 23:39:02 ------
schedule_update_user_items
-----04-21-2017 @ 23:47:05 ------
schedule_update_user_items
-----04-21-2017 @ 23:57:07 ------
schedule_update_user_items
-----04-22-2017 @ 00:07:17 ------
schedule_update_user_items
-----04-22-2017 @ 00:17:46 ------
schedule_update_user_items
-----04-22-2017 @ 00:28:34 ------
schedule_update_user_items
-----04-22-2017 @ 00:38:56 ------
schedule_update_user_items
-----04-22-2017 @ 00:47:12 ------
schedule_update_user_items
-----04-22-2017 @ 00:57:37 ------
schedule_update_user_items
-----04-22-2017 @ 01:08:01 ------
schedule_update_user_items
-----04-22-2017 @ 01:18:18 ------
schedule_update_user_items
-----04-22-2017 @ 01:22:31 ------
schedule_cleanup_temp_users
-----04-22-2017 @ 01:48:33 ------
schedule_update_user_items
-----04-22-2017 @ 01:57:51 ------
schedule_update_user_items
-----04-22-2017 @ 02:08:02 ------
schedule_update_user_items
-----04-22-2017 @ 02:18:09 ------
schedule_update_user_items
-----04-22-2017 @ 02:27:40 ------
schedule_update_user_items
-----04-22-2017 @ 02:37:14 ------
schedule_update_user_items
-----04-22-2017 @ 02:47:13 ------
schedule_update_user_items
-----04-22-2017 @ 02:48:40 ------
404: File /Applications/MAMP/htdocs/wordpress/wp-content/plugins/learnpress/inc/class-lp-page-controller.php, line #382
-----04-22-2017 @ 02:57:03 ------
schedule_update_user_items
-----04-22-2017 @ 03:07:20 ------
schedule_update_user_items
-----04-22-2017 @ 03:17:26 ------
schedule_update_user_items
-----04-22-2017 @ 03:21:37 ------
schedule_cleanup_temp_users
-----04-22-2017 @ 03:27:31 ------
schedule_update_user_items
-----04-22-2017 @ 03:37:36 ------
schedule_update_user_items
-----04-22-2017 @ 04:12:32 ------
schedule_update_user_items
-----04-22-2017 @ 13:28:28 ------
schedule_update_user_items
-----04-22-2017 @ 13:28:31 ------
schedule_cleanup_temp_users
-----04-22-2017 @ 13:38:34 ------
schedule_update_user_items
-----04-22-2017 @ 13:48:10 ------
schedule_update_user_items
-----04-22-2017 @ 13:57:48 ------
schedule_update_user_items
-----04-22-2017 @ 14:07:31 ------
schedule_update_user_items
-----04-22-2017 @ 14:17:08 ------
schedule_update_user_items
-----04-22-2017 @ 14:27:30 ------
schedule_update_user_items
-----04-22-2017 @ 14:37:45 ------
schedule_update_user_items
-----04-22-2017 @ 14:47:48 ------
schedule_update_user_items
-----04-22-2017 @ 15:08:05 ------
schedule_update_user_items
-----04-22-2017 @ 15:18:13 ------
schedule_update_user_items
-----04-22-2017 @ 15:22:15 ------
schedule_cleanup_temp_users
-----04-22-2017 @ 15:28:24 ------
schedule_update_user_items
-----04-22-2017 @ 18:41:12 ------
schedule_update_user_items
-----04-22-2017 @ 18:41:12 ------
schedule_cleanup_temp_users
-----04-22-2017 @ 18:48:41 ------
schedule_update_user_items
-----04-22-2017 @ 18:57:10 ------
schedule_update_user_items
-----04-22-2017 @ 19:07:22 ------
schedule_update_user_items
-----04-22-2017 @ 19:17:10 ------
schedule_update_user_items
-----04-22-2017 @ 19:21:35 ------
schedule_cleanup_temp_users
-----04-22-2017 @ 19:27:17 ------
schedule_update_user_items
-----04-22-2017 @ 19:37:24 ------
schedule_update_user_items
-----04-23-2017 @ 00:57:53 ------
schedule_update_user_items
-----04-23-2017 @ 00:57:53 ------
schedule_cleanup_temp_users
-----04-23-2017 @ 01:09:42 ------
schedule_update_user_items
-----04-23-2017 @ 03:40:16 ------
schedule_update_user_items
-----04-23-2017 @ 03:40:16 ------
schedule_cleanup_temp_users
-----04-23-2017 @ 03:47:12 ------
schedule_update_user_items
-----04-23-2017 @ 03:57:29 ------
schedule_update_user_items
-----04-23-2017 @ 04:08:28 ------
schedule_update_user_items
-----04-23-2017 @ 04:18:29 ------
schedule_update_user_items
-----04-23-2017 @ 04:41:25 ------
schedule_update_user_items
-----04-23-2017 @ 04:47:16 ------
schedule_update_user_items
-----04-23-2017 @ 14:37:55 ------
schedule_update_user_items
-----04-23-2017 @ 14:37:55 ------
schedule_cleanup_temp_users
-----04-23-2017 @ 14:48:28 ------
schedule_update_user_items
-----04-23-2017 @ 14:58:27 ------
schedule_update_user_items
-----04-23-2017 @ 15:08:37 ------
schedule_update_user_items
-----04-23-2017 @ 15:18:46 ------
schedule_update_user_items
-----04-23-2017 @ 15:22:47 ------
schedule_cleanup_temp_users
-----04-23-2017 @ 15:28:53 ------
schedule_update_user_items
-----04-23-2017 @ 16:31:45 ------
schedule_update_user_items
-----04-23-2017 @ 16:37:14 ------
schedule_update_user_items
-----04-23-2017 @ 16:47:41 ------
schedule_update_user_items
-----04-23-2017 @ 16:57:46 ------
schedule_update_user_items
-----04-23-2017 @ 17:07:03 ------
schedule_update_user_items
-----04-23-2017 @ 17:17:05 ------
schedule_update_user_items
-----04-23-2017 @ 17:21:30 ------
schedule_cleanup_temp_users
-----04-23-2017 @ 17:27:15 ------
schedule_update_user_items
-----04-23-2017 @ 17:37:08 ------
schedule_update_user_items
-----04-23-2017 @ 17:47:11 ------
schedule_update_user_items
-----04-23-2017 @ 17:57:20 ------
schedule_update_user_items
-----04-23-2017 @ 18:08:03 ------
schedule_update_user_items
-----04-23-2017 @ 18:20:13 ------
schedule_update_user_items
-----04-23-2017 @ 18:27:41 ------
schedule_update_user_items
-----04-23-2017 @ 18:37:11 ------
schedule_update_user_items
-----04-23-2017 @ 18:47:27 ------
schedule_update_user_items
-----04-23-2017 @ 18:57:17 ------
schedule_update_user_items
-----04-23-2017 @ 19:07:28 ------
schedule_update_user_items
-----04-23-2017 @ 19:17:31 ------
schedule_update_user_items
-----04-23-2017 @ 19:27:17 ------
schedule_cleanup_temp_users
-----04-23-2017 @ 19:27:17 ------
schedule_update_user_items
-----04-23-2017 @ 19:37:40 ------
schedule_update_user_items
-----04-23-2017 @ 19:47:41 ------
schedule_update_user_items
-----04-23-2017 @ 19:57:41 ------
schedule_update_user_items
-----04-23-2017 @ 20:07:41 ------
schedule_update_user_items
-----04-23-2017 @ 20:17:41 ------
schedule_update_user_items
-----04-23-2017 @ 20:27:41 ------
schedule_update_user_items
-----04-23-2017 @ 20:37:41 ------
schedule_update_user_items
-----04-23-2017 @ 20:59:18 ------
schedule_update_user_items
-----04-23-2017 @ 21:07:04 ------
schedule_update_user_items
-----04-23-2017 @ 21:17:21 ------
schedule_update_user_items
-----04-23-2017 @ 21:23:22 ------
schedule_cleanup_temp_users
-----04-23-2017 @ 21:27:05 ------
schedule_update_user_items
-----04-23-2017 @ 21:37:54 ------
schedule_update_user_items
-----04-23-2017 @ 21:47:36 ------
schedule_update_user_items
-----04-23-2017 @ 21:58:59 ------
schedule_update_user_items
-----04-23-2017 @ 23:04:28 ------
schedule_update_user_items
-----04-23-2017 @ 23:07:04 ------
schedule_update_user_items
-----04-23-2017 @ 23:17:46 ------
schedule_update_user_items
-----04-23-2017 @ 23:21:49 ------
schedule_cleanup_temp_users
-----04-23-2017 @ 23:27:08 ------
schedule_update_user_items
-----04-23-2017 @ 23:37:06 ------
schedule_update_user_items
-----04-23-2017 @ 23:47:07 ------
schedule_update_user_items
-----04-24-2017 @ 00:51:38 ------
schedule_update_user_items
-----04-24-2017 @ 01:06:38 ------
schedule_update_user_items
-----04-24-2017 @ 01:29:19 ------
schedule_update_user_items
-----04-24-2017 @ 01:29:19 ------
schedule_cleanup_temp_users
-----04-24-2017 @ 01:41:51 ------
schedule_update_user_items
-----04-24-2017 @ 01:50:10 ------
schedule_update_user_items
-----04-24-2017 @ 01:57:10 ------
schedule_update_user_items
-----04-24-2017 @ 02:07:10 ------
schedule_update_user_items
-----04-24-2017 @ 02:17:06 ------
schedule_update_user_items
-----04-24-2017 @ 02:28:24 ------
schedule_update_user_items
-----04-24-2017 @ 03:21:46 ------
schedule_update_user_items
-----04-24-2017 @ 03:21:46 ------
schedule_cleanup_temp_users
-----04-24-2017 @ 03:31:56 ------
schedule_update_user_items
-----04-24-2017 @ 03:47:35 ------
schedule_update_user_items
-----04-24-2017 @ 04:26:43 ------
schedule_update_user_items
-----04-24-2017 @ 04:27:15 ------
schedule_update_user_items
-----04-24-2017 @ 04:37:05 ------
schedule_update_user_items
-----04-24-2017 @ 04:47:04 ------
schedule_update_user_items
-----04-24-2017 @ 04:56:33 ------
404: File /Applications/MAMP/htdocs/wordpress/wp-content/plugins/learnpress/inc/class-lp-page-controller.php, line #400
-----04-24-2017 @ 04:57:09 ------
schedule_update_user_items
-----04-24-2017 @ 05:12:58 ------
schedule_update_user_items
-----04-24-2017 @ 05:17:03 ------
schedule_update_user_items
-----04-24-2017 @ 05:23:09 ------
schedule_cleanup_temp_users
-----04-24-2017 @ 05:27:16 ------
schedule_update_user_items
-----04-24-2017 @ 05:37:28 ------
schedule_update_user_items
-----04-24-2017 @ 05:47:36 ------
schedule_update_user_items
-----04-24-2017 @ 05:57:41 ------
schedule_update_user_items
-----04-24-2017 @ 19:12:22 ------
schedule_update_user_items
-----04-24-2017 @ 19:12:29 ------
schedule_cleanup_temp_users
-----04-24-2017 @ 19:21:22 ------
schedule_update_user_items
-----04-24-2017 @ 19:57:26 ------
schedule_cleanup_temp_users
-----04-24-2017 @ 19:57:26 ------
schedule_update_user_items
-----04-24-2017 @ 20:09:39 ------
schedule_update_user_items
-----04-24-2017 @ 20:17:43 ------
schedule_update_user_items
-----04-24-2017 @ 20:27:48 ------
schedule_update_user_items
-----04-24-2017 @ 20:39:00 ------
schedule_update_user_items
-----04-24-2017 @ 20:47:05 ------
schedule_update_user_items
-----04-24-2017 @ 20:57:09 ------
schedule_update_user_items
-----04-24-2017 @ 21:32:55 ------
schedule_update_user_items
-----04-24-2017 @ 21:32:55 ------
schedule_cleanup_temp_users
-----04-25-2017 @ 02:35:35 ------
schedule_update_user_items
-----04-25-2017 @ 02:35:35 ------
schedule_cleanup_temp_users
-----04-25-2017 @ 02:43:05 ------
schedule_update_user_items
-----04-25-2017 @ 02:49:04 ------
schedule_update_user_items
-----04-25-2017 @ 04:20:24 ------
schedule_update_user_items
-----04-25-2017 @ 04:20:24 ------
schedule_cleanup_temp_users
-----04-25-2017 @ 04:38:26 ------
schedule_update_user_items
-----04-25-2017 @ 04:49:08 ------
schedule_update_user_items
-----04-25-2017 @ 05:04:33 ------
schedule_update_user_items
-----04-25-2017 @ 05:09:34 ------
schedule_update_user_items
-----04-25-2017 @ 05:46:45 ------
schedule_update_user_items
-----04-25-2017 @ 05:46:45 ------
schedule_cleanup_temp_users
-----04-25-2017 @ 05:47:22 ------
schedule_update_user_items
-----04-25-2017 @ 20:14:10 ------
schedule_update_user_items
-----04-25-2017 @ 20:14:18 ------
schedule_cleanup_temp_users
-----04-25-2017 @ 20:19:37 ------
schedule_update_user_items
-----04-25-2017 @ 20:27:04 ------
schedule_update_user_items
-----04-25-2017 @ 20:37:26 ------
schedule_update_user_items
-----04-25-2017 @ 20:47:50 ------
schedule_update_user_items
-----04-25-2017 @ 20:58:40 ------
schedule_update_user_items
-----04-25-2017 @ 21:07:17 ------
schedule_update_user_items
-----04-25-2017 @ 21:19:51 ------
schedule_update_user_items
-----04-25-2017 @ 21:22:39 ------
schedule_cleanup_temp_users
-----04-25-2017 @ 21:27:18 ------
schedule_update_user_items
-----04-25-2017 @ 21:37:03 ------
schedule_update_user_items
-----04-25-2017 @ 21:48:59 ------
schedule_update_user_items
-----04-25-2017 @ 21:57:16 ------
schedule_update_user_items
-----04-25-2017 @ 22:08:28 ------
schedule_update_user_items
-----04-25-2017 @ 22:28:35 ------
schedule_update_user_items
-----04-25-2017 @ 22:37:29 ------
schedule_update_user_items
-----04-25-2017 @ 22:48:34 ------
schedule_update_user_items
-----04-25-2017 @ 23:00:07 ------
schedule_update_user_items
-----04-25-2017 @ 23:07:56 ------
schedule_update_user_items
-----04-25-2017 @ 23:17:19 ------
schedule_update_user_items
-----04-25-2017 @ 23:23:04 ------
schedule_cleanup_temp_users
-----04-25-2017 @ 23:27:07 ------
schedule_update_user_items
-----04-25-2017 @ 23:37:47 ------
schedule_update_user_items
-----04-25-2017 @ 23:47:51 ------
schedule_update_user_items
-----04-25-2017 @ 23:58:01 ------
schedule_update_user_items
-----04-26-2017 @ 00:08:07 ------
schedule_update_user_items
-----04-26-2017 @ 00:18:18 ------
schedule_update_user_items
-----04-26-2017 @ 00:27:16 ------
schedule_update_user_items
-----04-26-2017 @ 00:37:40 ------
schedule_update_user_items
-----04-26-2017 @ 00:47:08 ------
schedule_update_user_items
-----04-26-2017 @ 01:17:28 ------
schedule_update_user_items
-----04-26-2017 @ 01:55:41 ------
schedule_cleanup_temp_users
-----04-26-2017 @ 01:55:41 ------
schedule_update_user_items
-----04-26-2017 @ 01:57:56 ------
schedule_update_user_items
-----04-26-2017 @ 02:25:28 ------
schedule_update_user_items
-----04-26-2017 @ 02:27:13 ------
schedule_update_user_items
-----04-26-2017 @ 17:47:52 ------
schedule_update_user_items
-----04-26-2017 @ 17:47:52 ------
schedule_cleanup_temp_users
-----04-26-2017 @ 20:10:18 ------
schedule_update_user_items
-----04-26-2017 @ 20:10:55 ------
schedule_cleanup_temp_users
-----04-26-2017 @ 20:18:24 ------
schedule_update_user_items
-----04-26-2017 @ 20:28:32 ------
schedule_update_user_items
-----04-26-2017 @ 20:38:23 ------
schedule_update_user_items
-----04-26-2017 @ 20:47:49 ------
schedule_update_user_items
-----04-26-2017 @ 21:25:30 ------
schedule_update_user_items
-----04-26-2017 @ 21:25:30 ------
schedule_cleanup_temp_users
-----04-26-2017 @ 21:28:22 ------
schedule_update_user_items
-----04-26-2017 @ 21:38:37 ------
schedule_update_user_items
-----04-26-2017 @ 21:47:32 ------
schedule_update_user_items
-----04-26-2017 @ 21:58:01 ------
schedule_update_user_items
-----04-26-2017 @ 22:07:12 ------
schedule_update_user_items
-----04-26-2017 @ 22:17:34 ------
schedule_update_user_items
-----04-26-2017 @ 23:19:26 ------
schedule_update_user_items
-----04-26-2017 @ 23:22:27 ------
schedule_cleanup_temp_users
-----04-26-2017 @ 23:28:30 ------
schedule_update_user_items
-----04-26-2017 @ 23:42:20 ------
schedule_update_user_items
-----04-26-2017 @ 23:47:50 ------
schedule_update_user_items
-----04-27-2017 @ 01:21:26 ------
schedule_update_user_items
-----04-27-2017 @ 01:22:16 ------
schedule_cleanup_temp_users
-----04-27-2017 @ 01:27:07 ------
schedule_update_user_items
-----04-27-2017 @ 01:38:22 ------
schedule_update_user_items
-----04-27-2017 @ 01:47:45 ------
schedule_update_user_items
-----04-27-2017 @ 01:57:07 ------
schedule_update_user_items
-----04-27-2017 @ 02:07:30 ------
schedule_update_user_items
-----04-27-2017 @ 02:18:26 ------
schedule_update_user_items
-----04-27-2017 @ 02:59:46 ------
schedule_update_user_items
-----04-27-2017 @ 03:35:41 ------
schedule_update_user_items
-----04-27-2017 @ 03:35:41 ------
schedule_cleanup_temp_users
-----04-28-2017 @ 02:42:30 ------
schedule_update_user_items
-----04-28-2017 @ 02:42:35 ------
schedule_cleanup_temp_users
-----05-07-2017 @ 15:07:23 ------
schedule_update_user_items
-----05-07-2017 @ 15:07:23 ------
schedule_cleanup_temp_users
-----05-07-2017 @ 15:17:19 ------
schedule_update_user_items
-----05-07-2017 @ 15:21:42 ------
schedule_cleanup_temp_users
-----05-07-2017 @ 15:28:43 ------
schedule_update_user_items
-----05-07-2017 @ 15:37:17 ------
schedule_update_user_items
-----05-07-2017 @ 15:48:30 ------
schedule_update_user_items
-----05-07-2017 @ 16:38:37 ------
schedule_update_user_items
-----05-07-2017 @ 16:47:10 ------
schedule_update_user_items
-----05-07-2017 @ 17:01:57 ------
schedule_update_user_items
-----05-07-2017 @ 17:23:07 ------
schedule_update_user_items
-----05-07-2017 @ 17:23:07 ------
schedule_cleanup_temp_users
-----05-07-2017 @ 17:27:15 ------
schedule_update_user_items
-----05-07-2017 @ 17:37:33 ------
schedule_update_user_items
-----05-07-2017 @ 17:48:16 ------
schedule_update_user_items
-----05-07-2017 @ 17:57:47 ------
schedule_update_user_items
-----05-07-2017 @ 18:07:30 ------
schedule_update_user_items
-----05-07-2017 @ 18:19:12 ------
schedule_update_user_items
-----05-07-2017 @ 18:27:35 ------
schedule_update_user_items
-----05-07-2017 @ 18:37:44 ------
schedule_update_user_items
-----05-07-2017 @ 18:47:18 ------
schedule_update_user_items
-----05-07-2017 @ 18:58:11 ------
schedule_update_user_items
-----05-07-2017 @ 19:07:48 ------
schedule_update_user_items
-----05-07-2017 @ 19:17:07 ------
schedule_update_user_items
-----05-07-2017 @ 19:31:59 ------
schedule_cleanup_temp_users
-----05-07-2017 @ 19:31:59 ------
schedule_update_user_items
-----05-07-2017 @ 19:38:56 ------
schedule_update_user_items
-----05-07-2017 @ 20:40:48 ------
schedule_update_user_items
-----05-07-2017 @ 20:48:08 ------
schedule_update_user_items
-----05-07-2017 @ 20:57:24 ------
schedule_update_user_items
-----05-07-2017 @ 21:07:10 ------
schedule_update_user_items
-----05-07-2017 @ 21:28:46 ------
schedule_update_user_items
-----05-07-2017 @ 21:28:46 ------
schedule_cleanup_temp_users
-----05-07-2017 @ 21:38:55 ------
schedule_update_user_items
-----05-07-2017 @ 22:10:04 ------
schedule_update_user_items
-----05-07-2017 @ 22:18:01 ------
schedule_update_user_items
-----05-07-2017 @ 22:27:13 ------
schedule_update_user_items
-----05-07-2017 @ 22:37:58 ------
schedule_update_user_items
-----05-07-2017 @ 22:47:32 ------
schedule_update_user_items
-----05-07-2017 @ 22:58:40 ------
schedule_update_user_items
-----05-07-2017 @ 23:07:28 ------
schedule_update_user_items
-----05-07-2017 @ 23:17:11 ------
schedule_update_user_items
-----05-07-2017 @ 23:22:39 ------
schedule_cleanup_temp_users
-----05-07-2017 @ 23:27:06 ------
schedule_update_user_items
-----05-07-2017 @ 23:37:13 ------
schedule_update_user_items
-----05-07-2017 @ 23:47:50 ------
schedule_update_user_items
-----05-07-2017 @ 23:57:49 ------
schedule_update_user_items
-----05-08-2017 @ 00:07:15 ------
schedule_update_user_items
-----05-08-2017 @ 00:17:10 ------
schedule_update_user_items
-----05-08-2017 @ 00:27:11 ------
schedule_update_user_items
-----05-08-2017 @ 00:37:08 ------
schedule_update_user_items
-----05-08-2017 @ 00:40:45 ------
404: File /Applications/MAMP/htdocs/wordpress/wp-content/plugins/learnpress/inc/class-lp-page-controller.php, line #359
-----05-08-2017 @ 00:47:15 ------
schedule_update_user_items
-----05-08-2017 @ 00:57:23 ------
schedule_update_user_items
-----05-08-2017 @ 01:07:08 ------
schedule_update_user_items
-----05-08-2017 @ 01:18:34 ------
schedule_update_user_items
-----05-08-2017 @ 02:10:16 ------
schedule_cleanup_temp_users
-----05-08-2017 @ 02:10:16 ------
schedule_update_user_items
-----05-08-2017 @ 02:18:35 ------
schedule_update_user_items
-----05-08-2017 @ 02:29:01 ------
schedule_update_user_items
-----05-08-2017 @ 02:37:15 ------
schedule_update_user_items
-----05-08-2017 @ 02:47:17 ------
schedule_update_user_items
